<?xml version="1.0" encoding="utf-8"?><testsuites name="pytest tests"><testsuite name="pytest" errors="0" failures="0" skipped="0" tests="35" time="11.564" timestamp="2026-09-08T06:34:08.077595+00:00" hostname="agent-env-87177e84-ab12-45c2-9494-521dbcad8028"><testcase classname="tests.test_abhyudaya_api.TestAuth" name="test_citizen_login_success" time="0.726" /><testcase classname="tests.test_abhyudaya_api.TestIssues" name="test_list_issues" time="0.735" /><testcase classname="tests.test_abhyudaya_api.TestAuth" name="test_gov_login_success" time="0.386" /><testcase classname="tests.test_abhyudaya_api.TestAuth" name="test_wrong_password" time="0.444" /><testcase classname="tests.test_abhyudaya_api.TestIssues" name="test_filter_category" time="0.827" /><testcase classname="tests.test_abhyudaya_api.TestAuth" name="test_role_mismatch_rejected" time="0.374" /><testcase classname="tests.test_abhyudaya_api.TestAuth" name="test_register_creates_citizen_even_if_gov_hinted" time="0.446" /><testcase classname="tests.test_abhyudaya_api.TestIssues" name="test_filter_severity" time="0.819" /><testcase classname="tests.test_abhyudaya_api.TestAuth" name="test_register_duplicate" time="0.151" /><testcase classname="tests.test_abhyudaya_api.TestAuth" name="test_me_requires_auth" time="0.257" /><testcase classname="tests.test_abhyudaya_api.TestIssues" name="test_search_query" time="0.519" /><testcase classname="tests.test_abhyudaya_api.TestAuth" name="test_me_returns_stats" time="0.599" /><testcase classname="tests.test_abhyudaya_api.TestIssues" name="test_scope_nearby" time="0.560" /><testcase classname="tests.test_abhyudaya_api.TestGovAnalytics" name="test_stats" time="0.596" /><testcase classname="tests.test_abhyudaya_api.TestIssues" name="test_create_issue_with_auto_severity" time="0.896" /><testcase classname="tests.test_abhyudaya_api.TestGovAnalytics" name="test_insights" time="0.442" /><testcase classname="tests.test_abhyudaya_api.TestIssues" name="test_create_invalid_category" time="0.620" /><testcase classname="tests.test_abhyudaya_api.TestGovAnalytics" name="test_recurring_has_two_clusters" time="0.645" /><testcase classname="tests.test_abhyudaya_api.TestRoleGuards" name="test_citizen_cannot_get_stats" time="0.596" /><testcase classname="tests.test_abhyudaya_api.TestGovAnalytics" name="test_gov_status_update_persists" time="0.885" /><testcase classname="tests.test_abhyudaya_api.TestRoleGuards" name="test_citizen_cannot_get_insights" time="0.456" /><testcase classname="tests.test_abhyudaya_api.TestGovAnalytics" name="test_status_invalid_value" time="0.769" /><testcase classname="tests.test_abhyudaya_api.TestRoleGuards" name="test_citizen_cannot_patch_status" time="0.737" /><testcase classname="tests.test_abhyudaya_api.TestUpload" name="test_upload_requires_auth" time="0.330" /><testcase classname="tests.test_abhyudaya_api.TestSuggestions" name="test_add_and_list_suggestion" time="0.845" /><testcase classname="tests.test_abhyudaya_api.TestUpload" name="test_upload_image_success" time="1.314" /><testcase classname="tests.test_abhyudaya_api.TestSuggestions" name="test_gov_mark_useful" time="1.225" /><testcase classname="tests.test_abhyudaya_api.TestUpload" name="test_upload_rejects_non_image" time="0.760" /><testcase classname="tests.test_abhyudaya_api.TestMeta" name="test_root" time="0.147" /><testcase classname="tests.test_abhyudaya_api.TestSuggestions" name="test_citizen_cannot_mark_useful" time="0.817" /><testcase classname="tests.test_abhyudaya_api.TestMeta" name="test_meta" time="0.155" /><testcase classname="tests.test_abhyudaya_api.TestAnalyze" name="test_analyze_returns_ai_fields" time="0.661" /><testcase classname="tests.test_abhyudaya_api.TestDonations" name="test_donation_flow" time="1.017" /><testcase classname="tests.test_abhyudaya_api.TestUpvote" name="test_toggle_upvote" time="0.863" /><testcase classname="tests.test_abhyudaya_api.TestDonations" name="test_donation_zero_rejected" time="0.564" /></testsuite></testsuites>